2017-05-28T19:30:28+00:00 INFO Queuing 3.0.0 - wc_update_300_webhooks
2017-05-28T19:30:28+00:00 INFO Queuing 3.0.0 - wc_update_300_grouped_products
2017-05-28T19:30:28+00:00 INFO Queuing 3.0.0 - wc_update_300_settings
2017-05-28T19:30:28+00:00 INFO Queuing 3.0.0 - wc_update_300_product_visibility
2017-05-28T19:30:28+00:00 INFO Queuing 3.0.0 - wc_update_300_db_version
2017-05-28T19:30:30+00:00 INFO Running wc_update_300_webhooks callback
2017-05-28T19:30:30+00:00 INFO Finished wc_update_300_webhooks callback
2017-05-28T19:30:30+00:00 INFO Running wc_update_300_grouped_products callback
2017-05-28T19:30:30+00:00 INFO Finished wc_update_300_grouped_products callback
2017-05-28T19:30:30+00:00 INFO Running wc_update_300_settings callback
2017-05-28T19:30:30+00:00 INFO Finished wc_update_300_settings callback
2017-05-28T19:30:30+00:00 INFO Running wc_update_300_product_visibility callback
2017-05-28T19:30:30+00:00 INFO Finished wc_update_300_product_visibility callback
2017-05-28T19:30:30+00:00 INFO Running wc_update_300_db_version callback
2017-05-28T19:30:30+00:00 INFO Finished wc_update_300_db_version callback
2017-05-28T19:30:30+00:00 INFO Data update complete
2017-07-12T23:10:28+00:00 INFO Queuing 3.1.0 - wc_update_310_downloadable_products
2017-07-12T23:10:28+00:00 INFO Queuing 3.1.0 - wc_update_310_old_comments
2017-07-12T23:10:28+00:00 INFO Queuing 3.1.0 - wc_update_310_db_version
2017-07-12T23:10:30+00:00 INFO Running wc_update_310_downloadable_products callback
2017-07-12T23:10:30+00:00 INFO Finished wc_update_310_downloadable_products callback
2017-07-12T23:10:30+00:00 INFO Running wc_update_310_old_comments callback
2017-07-12T23:10:30+00:00 INFO Finished wc_update_310_old_comments callback
2017-07-12T23:10:30+00:00 INFO Running wc_update_310_db_version callback
2017-07-12T23:10:30+00:00 INFO Finished wc_update_310_db_version callback
2017-07-12T23:10:30+00:00 INFO Data update complete
